
# parsetab.py
# This file is automatically generated. Do not edit.
# pylint: disable=W,C,R
_tabversion = '3.10'

_lr_method = 'LALR'

_lr_signature = "leftANDORleftEQNEQleftGTLTLEGEleft+-left%*/leftNOTleft[(left.AND DATA ENDFOR ENDIF EQ FOR GE GT ID IF IN LE LT NEQ NOT NUMBER OR STRINGprogram : DATA programprogram : construct programprogram : construct : expressionconstruct : IF expression program ENDIFconstruct : FOR ID IN expression program ENDFORconstruct : FOR ID ',' ids IN expression program ENDFORexpression : expression '.' IDexpression : IDids : IDids : ids ',' IDexpression : expression '[' expression ']'expression : expression '+' expressionexpression : expression '-' expressionexpression : expression '*' expressionexpression : expression '/' expressionexpression : expression AND expressionexpression : expression OR expressionexpression : NOT expressionexpression : expression '%' expressionexpression : NUMBERexpression : STRINGexpression : expression EQ expressionexpression : expression NEQ expressionexpression : expression GT expressionexpression : expression LT expressionexpression : expression GE expressionexpression : expression LE expressionexpression : expression '(' ')'expression : expression '(' params ')'params : paramparams : params ',' paramparam : expression"
    
_lr_action_items = {'DATA':([0,2,3,4,7,9,10,29,31,32,34,35,36,37,38,39,40,41,42,43,44,45,46,48,54,55,57,58,65,67,69,],[2,2,2,-4,-9,-21,-22,2,-19,-8,-13,-14,-15,-16,-17,-18,-20,-23,-24,-25,-26,-27,-28,-29,-12,-30,-5,2,-6,2,-7,]),'$end':([0,1,2,3,4,7,9,10,11,12,31,32,34,35,36,37,38,39,40,41,42,43,44,45,46,48,54,55,57,65,69,],[-3,0,-3,-3,-4,-9,-21,-22,-1,-2,-19,-8,-13,-14,-15,-16,-17,-18,-20,-23,-24,-25,-26,-27,-28,-29,-12,-30,-5,-6,-7,]),'IF':([0,2,3,4,7,9,10,29,31,32,34,35,36,37,38,39,40,41,42,43,44,45,46,48,54,55,57,58,65,67,69,],[5,5,5,-4,-9,-21,-22,5,-19,-8,-13,-14,-15,-16,-17,-18,-20,-23,-24,-25,-26,-27,-28,-29,-12,-30,-5,5,-6,5,-7,]),'FOR':([0,2,3,4,7,9,10,29,31,32,34,35,36,37,38,39,40,41,42,43,44,45,46,48,54,55,57,58,65,67,69,],[6,6,6,-4,-9,-21,-22,6,-19,-8,-13,-14,-15,-16,-17,-18,-20,-23,-24,-25,-26,-27,-28,-29,-12,-30,-5,6,-6,6,-7,]),'ID':([0,2,3,4,5,6,7,8,9,10,13,14,15,16,17,18,19,20,21,22,23,24,25,26,27,28,29,31,32,34,35,36,37,38,39,40,41,42,43,44,45,46,48,52,53,54,55,56,57,58,63,64,65,67,69,],[7,7,7,-4,7,30,-9,7,-21,-22,32,7,7,7,7,7,7,7,7,7,7,7,7,7,7,7,7,-19,-8,-13,-14,-15,-16,-17,-18,-20,-23,-24,-25,-26,-27,-28,-29,7,59,-12,-30,7,-5,7,66,7,-6,7,-7,]),'NOT':([0,2,3,4,5,7,8,9,10,14,15,16,17,18,19,20,21,22,23,24,25,26,27,28,29,31,32,34,35,36,37,38,39,40,41,42,43,44,45,46,48,52,54,55,56,57,58,64,65,67,69,],[8,8,8,-4,8,-9,8,-21,-22,8,8,8,8,8,8,8,8,8,8,8,8,8,8,8,8,-19,-8,-13,-14,-15,-16,-17,-18,-20,-23,-24,-25,-26,-27,-28,-29,8,-12,-30,8,-5,8,8,-6,8,-7,]),'NUMBER':([0,2,3,4,5,7,8,9,10,14,15,16,17,18,19,20,21,22,23,24,25,26,27,28,29,31,32,34,35,36,37,38,39,40,41,42,43,44,45,46,48,52,54,55,56,57,58,64,65,67,69,],[9,9,9,-4,9,-9,9,-21,-22,9,9,9,9,9,9,9,9,9,9,9,9,9,9,9,9,-19,-8,-13,-14,-15,-16,-17,-18,-20,-23,-24,-25,-26,-27,-28,-29,9,-12,-30,9,-5,9,9,-6,9,-7,]),'STRING':([0,2,3,4,5,7,8,9,10,14,15,16,17,18,19,20,21,22,23,24,25,26,27,28,29,31,32,34,35,36,37,38,39,40,41,42,43,44,45,46,48,52,54,55,56,57,58,64,65,67,69,],[10,10,10,-4,10,-9,10,-21,-22,10,10,10,10,10,10,10,10,10,10,10,10,10,10,10,10,-19,-8,-13,-14,-15,-16,-17,-18,-20,-23,-24,-25,-26,-27,-28,-29,10,-12,-30,10,-5,10,10,-6,10,-7,]),'ENDIF':([2,3,4,7,9,10,11,12,29,31,32,34,35,36,37,38,39,40,41,42,43,44,45,46,48,51,54,55,57,65,69,],[-3,-3,-4,-9,-21,-22,-1,-2,-3,-19,-8,-13,-14,-15,-16,-17,-18,-20,-23,-24,-25,-26,-27,-28,-29,57,-12,-30,-5,-6,-7,]),'ENDFOR':([2,3,4,7,9,10,11,12,31,32,34,35,36,37,38,39,40,41,42,43,44,45,46,48,54,55,57,58,62,65,67,68,69,],[-3,-3,-4,-9,-21,-22,-1,-2,-19,-8,-13,-14,-15,-16,-17,-18,-20,-23,-24,-25,-26,-27,-28,-29,-12,-30,-5,-3,65,-6,-3,69,-7,]),'.':([4,7,9,10,29,31,32,33,34,35,36,37,38,39,40,41,42,43,44,45,46,47,48,54,55,58,67,],[13,-9,-21,-22,13,13,-8,13,13,13,13,13,13,13,13,13,13,13,13,13,13,13,-29,-12,-30,13,13,]),'[':([4,7,9,10,29,31,32,33,34,35,36,37,38,39,40,41,42,43,44,45,46,47,48,54,55,58,67,],[14,-9,-21,-22,14,14,-8,14,14,14,14,14,14,14,14,14,14,14,14,14,14,14,-29,-12,-30,14,14,]),'+':([4,7,9,10,29,31,32,33,34,35,36,37,38,39,40,41,42,43,44,45,46,47,48,54,55,58,67,],[15,-9,-21,-22,15,-19,-8,15,-13,-14,-15,-16,15,15,-20,15,15,15,15,15,15,15,-29,-12,-30,15,15,]),'-':([4,7,9,10,29,31,32,33,34,35,36,37,38,39,40,41,42,43,44,45,46,47,48,54,55,58,67,],[16,-9,-21,-22,16,-19,-8,16,-13,-14,-15,-16,16,16,-20,16,16,16,16,16,16,16,-29,-12,-30,16,16,]),'*':([4,7,9,10,29,31,32,33,34,35,36,37,38,39,40,41,42,43,44,45,46,47,48,54,55,58,67,],[17,-9,-21,-22,17,-19,-8,17,17,17,-15,-16,17,17,-20,17,17,17,17,17,17,17,-29,-12,-30,17,17,]),'/':([4,7,9,10,29,31,32,33,34,35,36,37,38,39,40,41,42,43,44,45,46,47,48,54,55,58,67,],[18,-9,-21,-22,18,-19,-8,18,18,18,-15,-16,18,18,-20,18,18,18,18,18,18,18,-29,-12,-30,18,18,]),'AND':([4,7,9,10,29,31,32,33,34,35,36,37,38,39,40,41,42,43,44,45,46,47,48,54,55,58,67,],[19,-9,-21,-22,19,-19,-8,19,-13,-14,-15,-16,-17,-18,-20,-23,-24,-25,-26,-27,-28,19,-29,-12,-30,19,19,]),'OR':([4,7,9,10,29,31,32,33,34,35,36,37,38,39,40,41,42,43,44,45,46,47,48,54,55,58,67,],[20,-9,-21,-22,20,-19,-8,20,-13,-14,-15,-16,-17,-18,-20,-23,-24,-25,-26,-27,-28,20,-29,-12,-30,20,20,]),'%':([4,7,9,10,29,31,32,33,34,35,36,37,38,39,40,41,42,43,44,45,46,47,48,54,55,58,67,],[21,-9,-21,-22,21,-19,-8,21,21,21,-15,-16,21,21,-20,21,21,21,21,21,21,21,-29,-12,-30,21,21,]),'EQ':([4,7,9,10,29,31,32,33,34,35,36,37,38,39,40,41,42,43,44,45,46,47,48,54,55,58,67,],[22,-9,-21,-22,22,-19,-8,22,-13,-14,-15,-16,22,22,-20,-23,-24,-25,-26,-27,-28,22,-29,-12,-30,22,22,]),'NEQ':([4,7,9,10,29,31,32,33,34,35,36,37,38,39,40,41,42,43,44,45,46,47,48,54,55,58,67,],[23,-9,-21,-22,23,-19,-8,23,-13,-14,-15,-16,23,23,-20,-23,-24,-25,-26,-27,-28,23,-29,-12,-30,23,23,]),'GT':([4,7,9,10,29,31,32,33,34,35,36,37,38,39,40,41,42,43,44,45,46,47,48,54,55,58,67,],[24,-9,-21,-22,24,-19,-8,24,-13,-14,-15,-16,24,24,-20,24,24,-25,-26,-27,-28,24,-29,-12,-30,24,24,]),'LT':([4,7,9,10,29,31,32,33,34,35,36,37,38,39,40,41,42,43,44,45,46,47,48,54,55,58,67,],[25,-9,-21,-22,25,-19,-8,25,-13,-14,-15,-16,25,25,-20,25,25,-25,-26,-27,-28,25,-29,-12,-30,25,25,]),'GE':([4,7,9,10,29,31,32,33,34,35,36,37,38,39,40,41,42,43,44,45,46,47,48,54,55,58,67,],[26,-9,-21,-22,26,-19,-8,26,-13,-14,-15,-16,26,26,-20,26,26,-25,-26,-27,-28,26,-29,-12,-30,26,26,]),'LE':([4,7,9,10,29,31,32,33,34,35,36,37,38,39,40,41,42,43,44,45,46,47,48,54,55,58,67,],[27,-9,-21,-22,27,-19,-8,27,-13,-14,-15,-16,27,27,-20,27,27,-25,-26,-27,-28,27,-29,-12,-30,27,27,]),'(':([4,7,9,10,29,31,32,33,34,35,36,37,38,39,40,41,42,43,44,45,46,47,48,54,55,58,67,],[28,-9,-21,-22,28,28,-8,28,28,28,28,28,28,28,28,28,28,28,28,28,28,28,-29,-12,-30,28,28,]),']':([7,9,10,31,32,33,34,35,36,37,38,39,40,41,42,43,44,45,46,48,54,55,],[-9,-21,-22,-19,-8,54,-13,-14,-15,-16,-17,-18,-20,-23,-24,-25,-26,-27,-28,-29,-12,-30,]),')':([7,9,10,28,31,32,34,35,36,37,38,39,40,41,42,43,44,45,46,47,48,49,50,54,55,61,],[-9,-21,-22,48,-19,-8,-13,-14,-15,-16,-17,-18,-20,-23,-24,-25,-26,-27,-28,-33,-29,55,-31,-12,-30,-32,]),',':([7,9,10,30,31,32,34,35,36,37,38,39,40,41,42,43,44,45,46,47,48,49,50,54,55,59,60,61,66,],[-9,-21,-22,53,-19,-8,-13,-14,-15,-16,-17,-18,-20,-23,-24,-25,-26,-27,-28,-33,-29,56,-31,-12,-30,-10,63,-32,-11,]),'IN':([30,59,60,66,],[52,-10,64,-11,]),}

_lr_action = {}
for _k, _v in _lr_action_items.items():
   for _x,_y in zip(_v[0],_v[1]):
      if not _x in _lr_action:  _lr_action[_x] = {}
      _lr_action[_x][_k] = _y
del _lr_action_items

_lr_goto_items = {'program':([0,2,3,29,58,67,],[1,11,12,51,62,68,]),'construct':([0,2,3,29,58,67,],[3,3,3,3,3,3,]),'expression':([0,2,3,5,8,14,15,16,17,18,19,20,21,22,23,24,25,26,27,28,29,52,56,58,64,67,],[4,4,4,29,31,33,34,35,36,37,38,39,40,41,42,43,44,45,46,47,4,58,47,4,67,4,]),'params':([28,],[49,]),'param':([28,56,],[50,61,]),'ids':([53,],[60,]),}

_lr_goto = {}
for _k, _v in _lr_goto_items.items():
   for _x, _y in zip(_v[0], _v[1]):
       if not _x in _lr_goto: _lr_goto[_x] = {}
       _lr_goto[_x][_k] = _y
del _lr_goto_items
_lr_productions = [
  ("S' -> program","S'",1,None,None,None),
  ('program -> DATA program','program',2,'p_program_data','parser.py',27),
  ('program -> construct program','program',2,'p_program_construct','parser.py',31),
  ('program -> <empty>','program',0,'p_progarm_empty','parser.py',34),
  ('construct -> expression','construct',1,'p_construct_expression','parser.py',37),
  ('construct -> IF expression program ENDIF','construct',4,'p_construct_if','parser.py',41),
  ('construct -> FOR ID IN expression program ENDFOR','construct',6,'p_construct_for','parser.py',45),
  ('construct -> FOR ID , ids IN expression program ENDFOR','construct',8,'p_construct_for_pack','parser.py',49),
  ('expression -> expression . ID','expression',3,'p_expression_dot','parser.py',53),
  ('expression -> ID','expression',1,'p_expression_id','parser.py',57),
  ('ids -> ID','ids',1,'p_ids_one','parser.py',61),
  ('ids -> ids , ID','ids',3,'p_ids_many','parser.py',65),
  ('expression -> expression [ expression ]','expression',4,'p_expression_access','parser.py',69),
  ('expression -> expression + expression','expression',3,'p_expression_add','parser.py',73),
  ('expression -> expression - expression','expression',3,'p_expression_sub','parser.py',77),
  ('expression -> expression * expression','expression',3,'p_expression_mul','parser.py',81),
  ('expression -> expression / expression','expression',3,'p_expression_div','parser.py',85),
  ('expression -> expression AND expression','expression',3,'p_expression_and','parser.py',89),
  ('expression -> expression OR expression','expression',3,'p_expression_or','parser.py',93),
  ('expression -> NOT expression','expression',2,'p_expression_not','parser.py',97),
  ('expression -> expression % expression','expression',3,'p_expression_mod','parser.py',101),
  ('expression -> NUMBER','expression',1,'p_expression_number','parser.py',105),
  ('expression -> STRING','expression',1,'p_expression_string','parser.py',109),
  ('expression -> expression EQ expression','expression',3,'p_expression_eq','parser.py',113),
  ('expression -> expression NEQ expression','expression',3,'p_expression_neq','parser.py',117),
  ('expression -> expression GT expression','expression',3,'p_expression_gt','parser.py',121),
  ('expression -> expression LT expression','expression',3,'p_expression_lt','parser.py',125),
  ('expression -> expression GE expression','expression',3,'p_expression_ge','parser.py',129),
  ('expression -> expression LE expression','expression',3,'p_expression_le','parser.py',133),
  ('expression -> expression ( )','expression',3,'p_expression_dispatch_empty','parser.py',137),
  ('expression -> expression ( params )','expression',4,'p_expression_dispatch','parser.py',141),
  ('params -> param','params',1,'p_params_one','parser.py',145),
  ('params -> params , param','params',3,'p_params_many','parser.py',149),
  ('param -> expression','param',1,'p_param','parser.py',153),
]
